# JRE version: OpenJDK Runtime Environment (8.0_242-b01) (build 1.8.0_242-release-1644-b01)
# Java VM: OpenJDK 64-Bit Server VM (25.242-b01 mixed mode windows-amd64 compressed oops)
Heap:
 PSYoungGen      total 313344K, used 80618K [0x00000000d5580000, 0x00000000ed100000, 0x0000000100000000)
  eden space 283648K, 28% used [0x00000000d5580000,0x00000000da43abd0,0x00000000e6a80000)
  from space 29696K, 0% used [0x00000000eab80000,0x00000000eab80000,0x00000000ec880000)
  to   space 8704K, 0% used [0x00000000ec880000,0x00000000ec880000,0x00000000ed100000)
 ParOldGen       total 275456K, used 75149K [0x0000000080000000, 0x0000000090d00000, 0x00000000d5580000)
  object space 275456K, 27% used [0x0000000080000000,0x00000000849637c0,0x0000000090d00000)
 Metaspace       used 94782K, capacity 99222K, committed 100312K, reserved 1136640K
  class space    used 12362K, capacity 13283K, committed 13568K, reserved 1048576K
GC Heap History (10 events):
Event: 39.033 GC heap before
{Heap before GC invocations=15 (full 3):
 PSYoungGen      total 282624K, used 273733K [0x00000000d5580000, 0x00000000eb200000, 0x0000000100000000)
  eden space 258560K, 100% used [0x00000000d5580000,0x00000000e5200000,0x00000000e5200000)
  from space 24064K, 63% used [0x00000000e5200000,0x00000000e60d14a8,0x00000000e6980000)
  to   space 24064K, 0% used [0x00000000e9a80000,0x00000000e9a80000,0x00000000eb200000)
 ParOldGen       total 173568K, used 51926K [0x0000000080000000, 0x000000008a980000, 0x00000000d5580000)
  object space 173568K, 29% used [0x0000000080000000,0x00000000832b59d0,0x000000008a980000)
 Metaspace       used 80081K, capacity 84278K, committed 84568K, reserved 1122304K
  class space    used 10792K, capacity 11545K, committed 11648K, reserved 1048576K
Event: 39.047 GC heap after
Heap after GC invocations=15 (full 3):
 PSYoungGen      total 322560K, used 15096K [0x00000000d5580000, 0x00000000ead00000, 0x0000000100000000)
  eden space 303616K, 0% used [0x00000000d5580000,0x00000000d5580000,0x00000000e7e00000)
  from space 18944K, 79% used [0x00000000e9a80000,0x00000000ea93e1a8,0x00000000ead00000)
  to   space 24064K, 0% used [0x00000000e7e00000,0x00000000e7e00000,0x00000000e9580000)
 ParOldGen       total 173568K, used 51934K [0x0000000080000000, 0x000000008a980000, 0x00000000d5580000)
  object space 173568K, 29% used [0x0000000080000000,0x00000000832b79d0,0x000000008a980000)
 Metaspace       used 80081K, capacity 84278K, committed 84568K, reserved 1122304K
  class space    used 10792K, capacity 11545K, committed 11648K, reserved 1048576K
}
Event: 40.585 GC heap before
{Heap before GC invocations=16 (full 3):
 PSYoungGen      total 322560K, used 318712K [0x00000000d5580000, 0x00000000ead00000, 0x0000000100000000)
  eden space 303616K, 100% used [0x00000000d5580000,0x00000000e7e00000,0x00000000e7e00000)
  from space 18944K, 79% used [0x00000000e9a80000,0x00000000ea93e1a8,0x00000000ead00000)
  to   space 24064K, 0% used [0x00000000e7e00000,0x00000000e7e00000,0x00000000e9580000)
 ParOldGen       total 173568K, used 51934K [0x0000000080000000, 0x000000008a980000, 0x00000000d5580000)
  object space 173568K, 29% used [0x0000000080000000,0x00000000832b79d0,0x000000008a980000)
 Metaspace       used 80543K, capacity 84740K, committed 84824K, reserved 1122304K
  class space    used 10820K, capacity 11580K, committed 11648K, reserved 1048576K
Event: 40.604 GC heap after
Heap after GC invocations=16 (full 3):
 PSYoungGen      total 327680K, used 24045K [0x00000000d5580000, 0x00000000eec80000, 0x0000000100000000)
  eden space 303616K, 0% used [0x00000000d5580000,0x00000000d5580000,0x00000000e7e00000)
  from space 24064K, 99% used [0x00000000e7e00000,0x00000000e957b408,0x00000000e9580000)
  to   space 28672K, 0% used [0x00000000ed080000,0x00000000ed080000,0x00000000eec80000)
 ParOldGen       total 173568K, used 55909K [0x0000000080000000, 0x000000008a980000, 0x00000000d5580000)
  object space 173568K, 32% used [0x0000000080000000,0x0000000083699510,0x000000008a980000)
 Metaspace       used 80543K, capacity 84740K, committed 84824K, reserved 1122304K
  class space    used 10820K, capacity 11580K, committed 11648K, reserved 1048576K
}
Event: 1881.749 GC heap before
{Heap before GC invocations=17 (full 3):
 PSYoungGen      total 327680K, used 327661K [0x00000000d5580000, 0x00000000eec80000, 0x0000000100000000)
  eden space 303616K, 100% used [0x00000000d5580000,0x00000000e7e00000,0x00000000e7e00000)
  from space 24064K, 99% used [0x00000000e7e00000,0x00000000e957b408,0x00000000e9580000)
  to   space 28672K, 0% used [0x00000000ed080000,0x00000000ed080000,0x00000000eec80000)
 ParOldGen       total 173568K, used 55909K [0x0000000080000000, 0x000000008a980000, 0x00000000d5580000)
  object space 173568K, 32% used [0x0000000080000000,0x0000000083699510,0x000000008a980000)
 Metaspace       used 90443K, capacity 95254K, committed 95576K, reserved 1132544K
  class space    used 11875K, capacity 12853K, committed 12928K, reserved 1048576K
Event: 1881.787 GC heap after
Heap after GC invocations=17 (full 3):
 PSYoungGen      total 317952K, used 24481K [0x00000000d5580000, 0x00000000ee880000, 0x0000000100000000)
  eden space 293376K, 0% used [0x00000000d5580000,0x00000000d5580000,0x00000000e7400000)
  from space 24576K, 99% used [0x00000000ed080000,0x00000000ee868608,0x00000000ee880000)
  to   space 31232K, 0% used [0x00000000eab80000,0x00000000eab80000,0x00000000eca00000)
 ParOldGen       total 173568K, used 68822K [0x0000000080000000, 0x000000008a980000, 0x00000000d5580000)
  object space 173568K, 39% used [0x0000000080000000,0x0000000084335ba8,0x000000008a980000)
 Metaspace       used 90443K, capacity 95254K, committed 95576K, reserved 1132544K
  class space    used 11875K, capacity 12853K, committed 12928K, reserved 1048576K
}
Event: 1886.371 GC heap before
{Heap before GC invocations=18 (full 3):
 PSYoungGen      total 317952K, used 225458K [0x00000000d5580000, 0x00000000ee880000, 0x0000000100000000)
  eden space 293376K, 68% used [0x00000000d5580000,0x00000000e19c4230,0x00000000e7400000)
  from space 24576K, 99% used [0x00000000ed080000,0x00000000ee868608,0x00000000ee880000)
  to   space 31232K, 0% used [0x00000000eab80000,0x00000000eab80000,0x00000000eca00000)
 ParOldGen       total 173568K, used 68822K [0x0000000080000000, 0x000000008a980000, 0x00000000d5580000)
  object space 173568K, 39% used [0x0000000080000000,0x0000000084335ba8,0x000000008a980000)
 Metaspace       used 93214K, capacity 98230K, committed 98380K, reserved 1134592K
  class space    used 12191K, capacity 13197K, committed 13312K, reserved 1048576K
Event: 1886.402 GC heap after
Heap after GC invocations=18 (full 3):
 PSYoungGen      total 313344K, used 29224K [0x00000000d5580000, 0x00000000ed100000, 0x0000000100000000)
  eden space 283648K, 0% used [0x00000000d5580000,0x00000000d5580000,0x00000000e6a80000)
  from space 29696K, 98% used [0x00000000eab80000,0x00000000ec80a130,0x00000000ec880000)
  to   space 8704K, 0% used [0x00000000ec880000,0x00000000ec880000,0x00000000ed100000)
 ParOldGen       total 173568K, used 68830K [0x0000000080000000, 0x000000008a980000, 0x00000000d5580000)
  object space 173568K, 39% used [0x0000000080000000,0x0000000084337ba8,0x000000008a980000)
 Metaspace       used 93214K, capacity 98230K, committed 98380K, reserved 1134592K
  class space    used 12191K, capacity 13197K, committed 13312K, reserved 1048576K
}
Event: 1886.402 GC heap before
{Heap before GC invocations=19 (full 4):
 PSYoungGen      total 313344K, used 29224K [0x00000000d5580000, 0x00000000ed100000, 0x0000000100000000)
  eden space 283648K, 0% used [0x00000000d5580000,0x00000000d5580000,0x00000000e6a80000)
  from space 29696K, 98% used [0x00000000eab80000,0x00000000ec80a130,0x00000000ec880000)
  to   space 8704K, 0% used [0x00000000ec880000,0x00000000ec880000,0x00000000ed100000)
 ParOldGen       total 173568K, used 68830K [0x0000000080000000, 0x000000008a980000, 0x00000000d5580000)
  object space 173568K, 39% used [0x0000000080000000,0x0000000084337ba8,0x000000008a980000)
 Metaspace       used 93214K, capacity 98230K, committed 98380K, reserved 1134592K
  class space    used 12191K, capacity 13197K, committed 13312K, reserved 1048576K
Event: 1886.616 GC heap after
Heap after GC invocations=19 (full 4):
 PSYoungGen      total 313344K, used 0K [0x00000000d5580000, 0x00000000ed100000, 0x0000000100000000)
  eden space 283648K, 0% used [0x00000000d5580000,0x00000000d5580000,0x00000000e6a80000)
  from space 29696K, 0% used [0x00000000eab80000,0x00000000eab80000,0x00000000ec880000)
  to   space 8704K, 0% used [0x00000000ec880000,0x00000000ec880000,0x00000000ed100000)
 ParOldGen       total 275456K, used 75149K [0x0000000080000000, 0x0000000090d00000, 0x00000000d5580000)
  object space 275456K, 27% used [0x0000000080000000,0x00000000849637c0,0x0000000090d00000)
 Metaspace       used 92871K, capacity 97246K, committed 98380K, reserved 1134592K
  class space    used 12078K, capacity 13003K, committed 13312K, reserved 1048576K
}

